DEBUG get_query: SELECT value FROM swat_s1 WHERE name = ? AND pid = ?
DEBUG set_query: UPDATE swat_s1 SET value = ? WHERE name = ? AND pid = ?
DEBUG: plc1-test is an Ethernet/IP device.
DEBUG EnipProtocol server addr:  192.168.1.10
DEBUG: concatenating server address with default port.
DEBUG enip _start_server cmd:  ['/home/robbiemcgugan/anaconda3/envs/venv/bin/python', '-m', 'cpppo.server.enip', '--no-print', '--log', 'logs/protocols_tests_enip_server', '--address', '192.168.1.10:44818', 'FIT101:1=REAL', 'MV101:1=INT', 'LIT101:1=REAL', 'P101:1=INT', 'FIT201:1=REAL', 'MV201:1=INT', 'LIT301:1=REAL']
DEBUG: swat-s1 plc1 enters pre_loop
STARTING PLC1 {'name': 'swat_s1', 'path': '/home/robbiemcgugan/Documents/refined/swat/swat_s1_db.sqlite'}
DEBUG: swat-s1 plc1 enters main_loop.
DEBUG plc1 lit101: 0.74778
DEBUG PLC1 - receive fit201: 2.450000
DEBUG PLC1 - receive lit301: 0.833241
DEBUG plc1 lit101: 0.74778
DEBUG PLC1 - receive fit201: 2.450000
DEBUG PLC1 - receive lit301: 0.819630
DEBUG plc1 lit101: 0.74778
DEBUG PLC1 - receive fit201: 2.450000
DEBUG PLC1 - receive lit301: 0.806019
DEBUG plc1 lit101: 0.74778
DEBUG PLC1 - receive fit201: 2.450000
DEBUG PLC1 - receive lit301: 0.796944
INFO PLC1 - lit301 (0.80) under L (0.80) and lit101 OK: -> open p101.
DEBUG plc1 lit101: 0.74778
DEBUG PLC1 - receive fit201: 2.450000
DEBUG PLC1 - receive lit301: 0.796944
INFO PLC1 - lit301 (0.80) under L (0.80) and lit101 OK: -> open p101.
DEBUG plc1 lit101: 0.74778
DEBUG PLC1 - receive fit201: 2.450000
DEBUG PLC1 - receive lit301: 0.796944
INFO PLC1 - lit301 (0.80) under L (0.80) and lit101 OK: -> open p101.
DEBUG plc1 lit101: 0.74778
DEBUG PLC1 - receive fit201: 2.450000
DEBUG PLC1 - receive lit301: 0.796944
INFO PLC1 - lit301 (0.80) under L (0.80) and lit101 OK: -> open p101.
DEBUG plc1 lit101: 0.74778
DEBUG PLC1 - receive fit201: 2.450000
DEBUG PLC1 - receive lit301: 0.796944
INFO PLC1 - lit301 (0.80) under L (0.80) and lit101 OK: -> open p101.
DEBUG plc1 lit101: 0.74778
DEBUG PLC1 - receive fit201: 2.450000
DEBUG PLC1 - receive lit301: 0.796944
INFO PLC1 - lit301 (0.80) under L (0.80) and lit101 OK: -> open p101.
