DEBUG get_query: SELECT value FROM swat_s1 WHERE name = ? AND pid = ?
DEBUG set_query: UPDATE swat_s1 SET value = ? WHERE name = ? AND pid = ?
DEBUG: rwt has no networking capabilities.
DEBUG new_level: 0.80944 	 delta: 0.00944
DEBUG: MV101=1, P101=0, LIT101=0.8094444444444445, LIT301=0.833240740740351, FIT101=2.55, FIT201=0.0
DEBUG new_level: 0.81889 	 delta: 0.00944
DEBUG: MV101=1, P101=0, LIT101=0.818888888888889, LIT301=0.828703703703314, FIT101=2.55, FIT201=0.0
DEBUG new_level: 0.82833 	 delta: 0.00944
DEBUG: MV101=1, P101=0, LIT101=0.8283333333333335, LIT301=0.824166666666277, FIT101=2.55, FIT201=0.0
DEBUG new_level: 0.83778 	 delta: 0.00944
DEBUG: MV101=1, P101=0, LIT101=0.8377777777777778, LIT301=0.81962962962924, FIT101=2.55, FIT201=0.0
DEBUG new_level: 0.84722 	 delta: 0.00944
DEBUG: MV101=1, P101=0, LIT101=0.8472222222222223, LIT301=0.815092592592203, FIT101=2.55, FIT201=0.0
DEBUG new_level: 0.85667 	 delta: 0.00944
DEBUG: MV101=1, P101=0, LIT101=0.8566666666666668, LIT301=0.810555555555166, FIT101=2.55, FIT201=0.0
DEBUG new_level: 0.86611 	 delta: 0.00944
DEBUG: MV101=1, P101=0, LIT101=0.8661111111111112, LIT301=0.806018518518129, FIT101=2.55, FIT201=0.0
DEBUG new_level: 0.87556 	 delta: 0.00944
DEBUG: MV101=1, P101=0, LIT101=0.8755555555555556, LIT301=0.801481481481092, FIT101=2.55, FIT201=0.0
DEBUG new_level: 0.88500 	 delta: 0.00944
DEBUG: MV101=1, P101=0, LIT101=0.8850000000000001, LIT301=0.796944444444055, FIT101=2.55, FIT201=0.0
DEBUG new_level: 0.89444 	 delta: 0.00944
DEBUG: MV101=1, P101=0, LIT101=0.8944444444444445, LIT301=0.796944444444055, FIT101=2.55, FIT201=0.0
DEBUG new_level: 0.90389 	 delta: 0.00944
DEBUG: MV101=1, P101=0, LIT101=0.903888888888889, LIT301=0.796944444444055, FIT101=2.55, FIT201=0.0
DEBUG new_level: 0.91333 	 delta: 0.00944
DEBUG: MV101=1, P101=0, LIT101=0.9133333333333334, LIT301=0.796944444444055, FIT101=2.55, FIT201=0.0
DEBUG new_level: 0.92278 	 delta: 0.00944
DEBUG: MV101=1, P101=0, LIT101=0.9227777777777778, LIT301=0.796944444444055, FIT101=2.55, FIT201=0.0
DEBUG new_level: 0.93222 	 delta: 0.00944
DEBUG: MV101=1, P101=0, LIT101=0.9322222222222223, LIT301=0.796944444444055, FIT101=2.55, FIT201=0.0
DEBUG new_level: 0.94167 	 delta: 0.00944
DEBUG: MV101=1, P101=0, LIT101=0.9416666666666668, LIT301=0.796944444444055, FIT101=2.55, FIT201=0.0
DEBUG new_level: 0.95111 	 delta: 0.00944
DEBUG: MV101=1, P101=0, LIT101=0.9511111111111111, LIT301=0.796944444444055, FIT101=2.55, FIT201=0.0
DEBUG new_level: 0.96056 	 delta: 0.00944
DEBUG: MV101=1, P101=0, LIT101=0.9605555555555556, LIT301=0.796944444444055, FIT101=2.55, FIT201=0.0
DEBUG new_level: 0.97000 	 delta: 0.00944
DEBUG: MV101=1, P101=0, LIT101=0.9700000000000001, LIT301=0.796944444444055, FIT101=2.55, FIT201=0.0
DEBUG new_level: 0.97944 	 delta: 0.00944
DEBUG: MV101=1, P101=0, LIT101=0.9794444444444445, LIT301=0.796944444444055, FIT101=2.55, FIT201=0.0
DEBUG new_level: 0.98889 	 delta: 0.00944
DEBUG: MV101=1, P101=0, LIT101=0.9888888888888889, LIT301=0.796944444444055, FIT101=2.55, FIT201=0.0
DEBUG new_level: 0.99833 	 delta: 0.00944
DEBUG: MV101=1, P101=0, LIT101=0.9983333333333334, LIT301=0.796944444444055, FIT101=2.55, FIT201=0.0
DEBUG new_level: 1.00778 	 delta: 0.00944
DEBUG: MV101=1, P101=0, LIT101=1.0077777777777779, LIT301=0.796944444444055, FIT101=2.55, FIT201=0.0
DEBUG new_level: 1.01722 	 delta: 0.00944
DEBUG: MV101=1, P101=0, LIT101=1.0172222222222222, LIT301=0.796944444444055, FIT101=2.55, FIT201=0.0
DEBUG new_level: 1.02667 	 delta: 0.00944
DEBUG: MV101=1, P101=0, LIT101=1.0266666666666666, LIT301=0.796944444444055, FIT101=2.55, FIT201=0.0
DEBUG new_level: 1.03611 	 delta: 0.00944
DEBUG: MV101=1, P101=0, LIT101=1.0361111111111112, LIT301=0.796944444444055, FIT101=2.55, FIT201=0.0
DEBUG new_level: 1.04556 	 delta: 0.00944
DEBUG: MV101=1, P101=0, LIT101=1.0455555555555556, LIT301=0.796944444444055, FIT101=2.55, FIT201=0.0
DEBUG new_level: 1.05500 	 delta: 0.00944
DEBUG: MV101=1, P101=0, LIT101=1.055, LIT301=0.796944444444055, FIT101=2.55, FIT201=0.0
DEBUG new_level: 1.06444 	 delta: 0.00944
DEBUG: MV101=1, P101=0, LIT101=1.0644444444444445, LIT301=0.796944444444055, FIT101=2.55, FIT201=0.0
DEBUG new_level: 1.07389 	 delta: 0.00944
DEBUG: MV101=1, P101=0, LIT101=1.073888888888889, LIT301=0.796944444444055, FIT101=2.55, FIT201=0.0
DEBUG new_level: 1.08333 	 delta: 0.00944
DEBUG: MV101=1, P101=0, LIT101=1.0833333333333333, LIT301=0.796944444444055, FIT101=2.55, FIT201=0.0
DEBUG new_level: 1.09278 	 delta: 0.00944
DEBUG: MV101=1, P101=0, LIT101=1.0927777777777778, LIT301=0.796944444444055, FIT101=2.55, FIT201=0.0
DEBUG new_level: 1.10222 	 delta: 0.00944
DEBUG: MV101=1, P101=0, LIT101=1.1022222222222222, LIT301=0.796944444444055, FIT101=2.55, FIT201=0.0
DEBUG new_level: 1.11167 	 delta: 0.00944
DEBUG: MV101=1, P101=0, LIT101=1.1116666666666666, LIT301=0.796944444444055, FIT101=2.55, FIT201=0.0
